<?xml version="1.0" encoding="UTF-8"?>
<!-- Generated by org.testng.reporters.JUnitReportReporter -->
<testsuite hostname="DAZZLER" failures="0" tests="1" name="Automation.Test_Script.Acti_Time_Popup" time="13.707" errors="0" timestamp="2023-05-10T13:12:34 IST" skipped="0">
  <testcase classname="Automation.Test_Script.Acti_Time_Popup" name="DragAndDrop" time="13.707"/>
  <system-out/>
</testsuite> <!-- Automation.Test_Script.Acti_Time_Popup -->
