<?xml version="1.0" encoding="UTF-8"?>
<!-- Generated by org.testng.reporters.JUnitReportReporter -->
<testsuite hostname="DAZZLER" failures="0" tests="2" name="Automation.Test_Script.AlertHandling" time="119.509" errors="0" timestamp="2023-05-04T23:14:17 IST" skipped="0">
  <testcase classname="Automation.Test_Script.AlertHandling" name="m1" time="73.494"/>
  <system-out/>
  <testcase classname="Automation.Test_Script.AlertHandling" name="m1" time="46.015"/>
  <system-out/>
</testsuite> <!-- Automation.Test_Script.AlertHandling -->
