<?xml version="1.0" encoding="UTF-8"?>
<!-- Generated by org.testng.reporters.JUnitReportReporter -->
<testsuite hostname="DAZZLER" failures="0" tests="1" name="Automation.Test_Script.Demo" time="0.002" errors="0" timestamp="2023-05-04T22:56:10 IST" skipped="0">
  <testcase classname="Automation.Test_Script.Demo" name="m1" time="0.002"/>
  <system-out/>
</testsuite> <!-- Automation.Test_Script.Demo -->
